-- Selecting Windows SDK version 10.0.22621.0 to target Windows 10.0.26100.
-- The C compiler identification is MSVC 19.43.34808.0
-- The CXX compiler identification is MSVC 19.43.34808.0
-- Detecting C compiler ABI info
-- Detecting C compiler ABI info - done
-- Check for working C compiler: C:/Program Files/Microsoft Visual Studio/2022/Community/VC/Tools/MSVC/14.43.34808/bin/Hostx64/x64/cl.exe - skipped
-- Detecting C compile features
-- Detecting C compile features - done
-- Detecting CXX compiler ABI info
-- Detecting CXX compiler ABI info - done
-- Check for working CXX compiler: C:/Program Files/Microsoft Visual Studio/2022/Community/VC/Tools/MSVC/14.43.34808/bin/Hostx64/x64/cl.exe - skipped
-- Detecting CXX compile features
-- Detecting CXX compile features - done
-- Found ament_cmake: 1.3.3 (C:/Users/ncely/miniforge3/Library/envs/ros_env/Library/share/ament_cmake/cmake)
-- Found Python3: C:/ProgramData/miniforge3/python.exe (found version "3.12.8") found components: Interpreter 
-- Found xacro: 2.0.8 (C:/Users/ncely/miniforge3/Library/envs/ros_env/Library/share/xacro/cmake)
-- Found robot_state_publisher: 3.0.2 (C:/Users/ncely/miniforge3/Library/envs/ros_env/Library/share/robot_state_publisher/cmake)
CMake Error at C:/Users/ncely/miniforge3/Library/envs/ros_env/Library/share/robot_state_publisher/cmake/export_robot_state_publisher_nodeExport.cmake:85 (message):
  The imported target "robot_state_publisher::robot_state_publisher_node"
  references the file

     "C:/Users/ncely/miniforge3/Library/envs/ros_env/Library/lib/robot_state_publisher_node.lib"

  but this file does not exist.  Possible reasons include:

  * The file was deleted, renamed, or moved to another location.

  * An install or uninstall procedure did not complete successfully.

  * The installation package was faulty and contained

     "C:/Users/ncely/miniforge3/Library/envs/ros_env/Library/share/robot_state_publisher/cmake/export_robot_state_publisher_nodeExport.cmake"

  but not all the files it references.

Call Stack (most recent call first):
  C:/Users/ncely/miniforge3/Library/envs/ros_env/Library/share/robot_state_publisher/cmake/ament_cmake_export_targets-extras.cmake:9 (include)
  C:/Users/ncely/miniforge3/Library/envs/ros_env/Library/share/robot_state_publisher/cmake/robot_state_publisherConfig.cmake:41 (include)
  CMakeLists.txt:6 (find_package)


-- Configuring incomplete, errors occurred!
